<?xml version="1.0" encoding="UTF-8"?>
<!-- Generated by org.testng.reporters.JUnitXMLReporter -->
<testsuite ignored="0" hostname="DESKTOP-VONR76B" failures="0" tests="2" name="Default test" time="0.103" errors="0" timestamp="2022-05-25T18:15:19 IST">
  <testcase classname="test1.VarifyFooter" name="@BeforeTest lounchbrowser" time="-1.653482718909E9">
    <failure type="org.testng.TestNGException" message="
Parameter &amp;apos;BrowserName&amp;apos; is required by BeforeTest on method lounchbrowser but has not been marked @Optional or defined
in C:\Users\SAI\AppData\Local\Temp\testng-eclipse-1991222335\testng-customsuite.xml">
      <![CDATA[org.testng.TestNGException: 
Parameter 'BrowserName' is required by BeforeTest on method lounchbrowser but has not been marked @Optional or defined
in C:\Users\SAI\AppData\Local\Temp\testng-eclipse-1991222335\testng-customsuite.xml
at org.testng.internal.Parameters.createParams(Parameters.java:268)
at org.testng.internal.Parameters.createParametersForMethod(Parameters.java:356)
at org.testng.internal.Parameters.createParameters(Parameters.java:700)
at org.testng.internal.Parameters.createConfigurationParameters(Parameters.java:166)
at org.testng.internal.ConfigInvoker.invokeConfigurations(ConfigInvoker.java:301)
at org.testng.TestRunner.invokeTestConfigurations(TestRunner.java:617)
at org.testng.TestRunner.beforeRun(TestRunner.java:607)
at org.testng.TestRunner.run(TestRunner.java:578)
at org.testng.SuiteRunner.runTest(SuiteRunner.java:384)
at org.testng.SuiteRunner.runSequentially(SuiteRunner.java:378)
at org.testng.SuiteRunner.privateRun(SuiteRunner.java:337)
at org.testng.SuiteRunner.run(SuiteRunner.java:286)
at org.testng.SuiteRunnerWorker.runSuite(SuiteRunnerWorker.java:53)
at org.testng.SuiteRunnerWorker.run(SuiteRunnerWorker.java:96)
at org.testng.TestNG.runSuitesSequentially(TestNG.java:1218)
at org.testng.TestNG.runSuitesLocally(TestNG.java:1140)
at org.testng.TestNG.runSuites(TestNG.java:1069)
at org.testng.TestNG.run(TestNG.java:1037)
at org.testng.remote.AbstractRemoteTestNG.run(AbstractRemoteTestNG.java:115)
at org.testng.remote.RemoteTestNG.initAndRun(RemoteTestNG.java:251)
at org.testng.remote.RemoteTestNG.main(RemoteTestNG.java:77)
]]>
    </failure>
  </testcase> <!-- @BeforeTest lounchbrowser -->
  <testcase classname="test1.VarifyFooter" name="@BeforeClass createpomclasses" time="-1.653482718944E9">
    <skipped/>
  </testcase> <!-- @BeforeClass createpomclasses -->
  <testcase classname="test1.VarifyFooter" name="@BeforeMethod lounchapplication" time="-1.653482718976E9">
    <skipped/>
  </testcase> <!-- @BeforeMethod lounchapplication -->
  <testcase classname="test1.VarifyFooter" name="@AfterMethod homeopage" time="-1.653482718987E9">
    <skipped/>
  </testcase> <!-- @AfterMethod homeopage -->
  <testcase classname="test1.VarifyFooter" name="@BeforeMethod lounchapplication" time="-1.65348271899E9">
    <skipped/>
  </testcase> <!-- @BeforeMethod lounchapplication -->
  <testcase classname="test1.VarifyFooter" name="@AfterMethod homeopage" time="-1.653482718995E9">
    <skipped/>
  </testcase> <!-- @AfterMethod homeopage -->
  <testcase classname="test1.VarifyFooter" name="@AfterClass clear" time="-1.653482718998E9">
    <skipped/>
  </testcase> <!-- @AfterClass clear -->
  <testcase classname="test1.VarifyFooter" name="@AfterTest closebrowser" time="-1.653482719003E9">
    <skipped/>
  </testcase> <!-- @AfterTest closebrowser -->
  <testcase classname="test1.VarifyFooter" name="Varify" time="0.0">
    <skipped/>
  </testcase> <!-- Varify -->
  <testcase classname="test1.VarifyFooter" name="varifyaboutus" time="0.0">
    <skipped/>
  </testcase> <!-- varifyaboutus -->
</testsuite> <!-- Default test -->
