<?xml version="1.0" encoding="UTF-8"?>
<testng-results ignored="0" total="4" passed="2" failed="2" skipped="0">
  <reporter-output>
  </reporter-output>
  <suite started-at="2022-05-30T16:32:21 IST" name="Suite" finished-at="2022-05-30T16:35:50 IST" duration-ms="209780">
    <groups>
    </groups>
    <test started-at="2022-05-30T16:32:21 IST" name="Test" finished-at="2022-05-30T16:35:50 IST" duration-ms="209780">
      <class name="test1.VarifyFooter">
        <test-method is-config="true" signature="lounchbrowser(java.lang.String)[pri:0, instance:test1.VarifyFooter@7adda9cc]" started-at="2022-05-30T16:32:21 IST" name="lounchbrowser" finished-at="2022-05-30T16:32:25 IST" duration-ms="4189" status="PASS">
          <params>
            <param index="0">
              <value>
                <![CDATA[edge]]>
              </value>
            </param>
          </params>
          <reporter-output>
          </reporter-output>
        </test-method> <!-- lounchbrowser -->
        <test-method is-config="true" signature="createpomclasses()[pri:0, instance:test1.VarifyFooter@7adda9cc]" started-at="2022-05-30T16:32:29 IST" name="createpomclasses" finished-at="2022-05-30T16:32:29 IST" duration-ms="73" status="PASS">
          <reporter-output>
          </reporter-output>
        </test-method> <!-- createpomclasses -->
        <test-method is-config="true" signature="lounchapplication()[pri:0, instance:test1.VarifyFooter@7adda9cc]" started-at="2022-05-30T16:32:29 IST" name="lounchapplication" finished-at="2022-05-30T16:32:59 IST" duration-ms="29930" status="PASS">
          <reporter-output>
          </reporter-output>
        </test-method> <!-- lounchapplication -->
        <test-method signature="Varify()[pri:0, instance:test1.VarifyFooter@7adda9cc]" started-at="2022-05-30T16:32:59 IST" name="Varify" finished-at="2022-05-30T16:33:16 IST" duration-ms="17042" status="FAIL">
          <exception class="java.lang.AssertionError">
            <message>
              <![CDATA[missmatched url expected [https://amazon.jobs/en-gb/] but found [https://amazon.jobs/en/]]]>
            </message>
            <full-stacktrace>
              <![CDATA[java.lang.AssertionError: missmatched url expected [https://amazon.jobs/en-gb/] but found [https://amazon.jobs/en/]
at org.testng.Assert.fail(Assert.java:99)
at org.testng.Assert.failNotEquals(Assert.java:1037)
at org.testng.Assert.assertEqualsImpl(Assert.java:140)
at org.testng.Assert.assertEquals(Assert.java:122)
at org.testng.Assert.assertEquals(Assert.java:629)
at test1.VarifyFooter.Varify(VarifyFooter.java:80)
at java.base/jdk.internal.reflect.NativeMethodAccessorImpl.invoke0(Native Method)
at java.base/jdk.internal.reflect.NativeMethodAccessorImpl.invoke(NativeMethodAccessorImpl.java:77)
at java.base/jdk.internal.reflect.DelegatingMethodAccessorImpl.invoke(DelegatingMethodAccessorImpl.java:43)
at java.base/java.lang.reflect.Method.invoke(Method.java:568)
at org.testng.internal.MethodInvocationHelper.invokeMethod(MethodInvocationHelper.java:132)
at org.testng.internal.TestInvoker.invokeMethod(TestInvoker.java:599)
at org.testng.internal.TestInvoker.invokeTestMethod(TestInvoker.java:174)
at org.testng.internal.MethodRunner.runInSequence(MethodRunner.java:46)
at org.testng.internal.TestInvoker$MethodInvocationAgent.invoke(TestInvoker.java:822)
at org.testng.internal.TestInvoker.invokeTestMethods(TestInvoker.java:147)
at org.testng.internal.TestMethodWorker.invokeTestMethods(TestMethodWorker.java:146)
at org.testng.internal.TestMethodWorker.run(TestMethodWorker.java:128)
at java.base/java.util.ArrayList.forEach(ArrayList.java:1511)
at org.testng.TestRunner.privateRun(TestRunner.java:764)
at org.testng.TestRunner.run(TestRunner.java:585)
at org.testng.SuiteRunner.runTest(SuiteRunner.java:384)
at org.testng.SuiteRunner.runSequentially(SuiteRunner.java:378)
at org.testng.SuiteRunner.privateRun(SuiteRunner.java:337)
at org.testng.SuiteRunner.run(SuiteRunner.java:286)
at org.testng.SuiteRunnerWorker.runSuite(SuiteRunnerWorker.java:53)
at org.testng.SuiteRunnerWorker.run(SuiteRunnerWorker.java:96)
at org.testng.TestNG.runSuitesSequentially(TestNG.java:1218)
at org.testng.TestNG.runSuitesLocally(TestNG.java:1140)
at org.testng.TestNG.runSuites(TestNG.java:1069)
at org.testng.TestNG.run(TestNG.java:1037)
at org.testng.remote.AbstractRemoteTestNG.run(AbstractRemoteTestNG.java:115)
at org.testng.remote.RemoteTestNG.initAndRun(RemoteTestNG.java:251)
at org.testng.remote.RemoteTestNG.main(RemoteTestNG.java:77)
]]>
            </full-stacktrace>
          </exception> <!-- java.lang.AssertionError -->
          <reporter-output>
          </reporter-output>
        </test-method> <!-- Varify -->
        <test-method is-config="true" signature="homeopage()[pri:0, instance:test1.VarifyFooter@7adda9cc]" started-at="2022-05-30T16:33:16 IST" name="homeopage" finished-at="2022-05-30T16:33:23 IST" duration-ms="6875" status="PASS">
          <reporter-output>
          </reporter-output>
        </test-method> <!-- homeopage -->
        <test-method is-config="true" signature="lounchapplication()[pri:0, instance:test1.VarifyFooter@7adda9cc]" started-at="2022-05-30T16:33:23 IST" name="lounchapplication" finished-at="2022-05-30T16:33:32 IST" duration-ms="8672" status="PASS">
          <reporter-output>
          </reporter-output>
        </test-method> <!-- lounchapplication -->
        <test-method signature="varifyaboutus()[pri:0, instance:test1.VarifyFooter@7adda9cc]" started-at="2022-05-30T16:33:32 IST" name="varifyaboutus" finished-at="2022-05-30T16:34:28 IST" duration-ms="55842" status="PASS">
          <reporter-output>
          </reporter-output>
        </test-method> <!-- varifyaboutus -->
        <test-method is-config="true" signature="homeopage()[pri:0, instance:test1.VarifyFooter@7adda9cc]" started-at="2022-05-30T16:34:28 IST" name="homeopage" finished-at="2022-05-30T16:34:33 IST" duration-ms="5580" status="PASS">
          <reporter-output>
          </reporter-output>
        </test-method> <!-- homeopage -->
        <test-method is-config="true" signature="clear()[pri:0, instance:test1.VarifyFooter@7adda9cc]" started-at="2022-05-30T16:34:33 IST" name="clear" finished-at="2022-05-30T16:34:33 IST" duration-ms="1" status="PASS">
          <reporter-output>
          </reporter-output>
        </test-method> <!-- clear -->
        <test-method is-config="true" signature="closebrowser()[pri:0, instance:test1.VarifyFooter@7adda9cc]" started-at="2022-05-30T16:35:49 IST" name="closebrowser" finished-at="2022-05-30T16:35:50 IST" duration-ms="543" status="PASS">
          <reporter-output>
          </reporter-output>
        </test-method> <!-- closebrowser -->
      </class> <!-- test1.VarifyFooter -->
      <class name="test1.VarifyHeaderTab">
        <test-method is-config="true" signature="launchBrowser(java.lang.String)[pri:0, instance:test1.VarifyHeaderTab@5cee5251]" started-at="2022-05-30T16:32:25 IST" name="launchBrowser" finished-at="2022-05-30T16:32:29 IST" duration-ms="4336" status="PASS">
          <params>
            <param index="0">
              <value>
                <![CDATA[edge]]>
              </value>
            </param>
          </params>
          <reporter-output>
          </reporter-output>
        </test-method> <!-- launchBrowser -->
        <test-method is-config="true" signature="createpomclass()[pri:0, instance:test1.VarifyHeaderTab@5cee5251]" started-at="2022-05-30T16:34:33 IST" name="createpomclass" finished-at="2022-05-30T16:34:33 IST" duration-ms="3" status="PASS">
          <reporter-output>
          </reporter-output>
        </test-method> <!-- createpomclass -->
        <test-method is-config="true" signature="loginoApplication()[pri:0, instance:test1.VarifyHeaderTab@5cee5251]" started-at="2022-05-30T16:34:33 IST" name="loginoApplication" finished-at="2022-05-30T16:35:15 IST" duration-ms="41298" status="PASS">
          <reporter-output>
          </reporter-output>
        </test-method> <!-- loginoApplication -->
        <test-method signature="varifyBestSeller()[pri:0, instance:test1.VarifyHeaderTab@5cee5251]" started-at="2022-05-30T16:35:15 IST" name="varifyBestSeller" finished-at="2022-05-30T16:35:22 IST" duration-ms="7154" status="PASS">
          <reporter-output>
          </reporter-output>
        </test-method> <!-- varifyBestSeller -->
        <test-method is-config="true" signature="relounch(org.testng.ITestResult)[pri:0, instance:test1.VarifyHeaderTab@5cee5251]" started-at="2022-05-30T16:35:22 IST" name="relounch" finished-at="2022-05-30T16:35:26 IST" duration-ms="3737" status="PASS">
          <params>
            <param index="0">
              <value>
                <![CDATA[[TestResult name=varifyBestSeller status=SUCCESS method=VarifyHeaderTab.varifyBestSeller()[pri:0, instance:test1.VarifyHeaderTab@5cee5251] output={null}]]]>
              </value>
            </param>
          </params>
          <reporter-output>
          </reporter-output>
        </test-method> <!-- relounch -->
        <test-method is-config="true" signature="loginoApplication()[pri:0, instance:test1.VarifyHeaderTab@5cee5251]" started-at="2022-05-30T16:35:26 IST" name="loginoApplication" finished-at="2022-05-30T16:35:33 IST" duration-ms="7178" status="PASS">
          <reporter-output>
          </reporter-output>
        </test-method> <!-- loginoApplication -->
        <test-method signature="varifyMobile()[pri:0, instance:test1.VarifyHeaderTab@5cee5251]" started-at="2022-05-30T16:35:33 IST" name="varifyMobile" finished-at="2022-05-30T16:35:45 IST" duration-ms="12319" status="FAIL">
          <exception class="java.lang.AssertionError">
            <message>
              <![CDATA[Missmatched link expected [https://www.mobile-phones/b/?ie=UTF8&node=1389401031&ref_=nav_cs_mobiles] but found [https://www.amazon.in/mobile-phones/b/?ie=UTF8&node=1389401031&ref_=nav_cs_mobiles]]]>
            </message>
            <full-stacktrace>
              <![CDATA[java.lang.AssertionError: Missmatched link expected [https://www.mobile-phones/b/?ie=UTF8&node=1389401031&ref_=nav_cs_mobiles] but found [https://www.amazon.in/mobile-phones/b/?ie=UTF8&node=1389401031&ref_=nav_cs_mobiles]
at org.testng.Assert.fail(Assert.java:99)
at org.testng.Assert.failNotEquals(Assert.java:1037)
at org.testng.Assert.assertEqualsImpl(Assert.java:140)
at org.testng.Assert.assertEquals(Assert.java:122)
at org.testng.Assert.assertEquals(Assert.java:629)
at test1.VarifyHeaderTab.varifyMobile(VarifyHeaderTab.java:87)
at java.base/jdk.internal.reflect.NativeMethodAccessorImpl.invoke0(Native Method)
at java.base/jdk.internal.reflect.NativeMethodAccessorImpl.invoke(NativeMethodAccessorImpl.java:77)
at java.base/jdk.internal.reflect.DelegatingMethodAccessorImpl.invoke(DelegatingMethodAccessorImpl.java:43)
at java.base/java.lang.reflect.Method.invoke(Method.java:568)
at org.testng.internal.MethodInvocationHelper.invokeMethod(MethodInvocationHelper.java:132)
at org.testng.internal.TestInvoker.invokeMethod(TestInvoker.java:599)
at org.testng.internal.TestInvoker.invokeTestMethod(TestInvoker.java:174)
at org.testng.internal.MethodRunner.runInSequence(MethodRunner.java:46)
at org.testng.internal.TestInvoker$MethodInvocationAgent.invoke(TestInvoker.java:822)
at org.testng.internal.TestInvoker.invokeTestMethods(TestInvoker.java:147)
at org.testng.internal.TestMethodWorker.invokeTestMethods(TestMethodWorker.java:146)
at org.testng.internal.TestMethodWorker.run(TestMethodWorker.java:128)
at java.base/java.util.ArrayList.forEach(ArrayList.java:1511)
at org.testng.TestRunner.privateRun(TestRunner.java:764)
at org.testng.TestRunner.run(TestRunner.java:585)
at org.testng.SuiteRunner.runTest(SuiteRunner.java:384)
at org.testng.SuiteRunner.runSequentially(SuiteRunner.java:378)
at org.testng.SuiteRunner.privateRun(SuiteRunner.java:337)
at org.testng.SuiteRunner.run(SuiteRunner.java:286)
at org.testng.SuiteRunnerWorker.runSuite(SuiteRunnerWorker.java:53)
at org.testng.SuiteRunnerWorker.run(SuiteRunnerWorker.java:96)
at org.testng.TestNG.runSuitesSequentially(TestNG.java:1218)
at org.testng.TestNG.runSuitesLocally(TestNG.java:1140)
at org.testng.TestNG.runSuites(TestNG.java:1069)
at org.testng.TestNG.run(TestNG.java:1037)
at org.testng.remote.AbstractRemoteTestNG.run(AbstractRemoteTestNG.java:115)
at org.testng.remote.RemoteTestNG.initAndRun(RemoteTestNG.java:251)
at org.testng.remote.RemoteTestNG.main(RemoteTestNG.java:77)
]]>
            </full-stacktrace>
          </exception> <!-- java.lang.AssertionError -->
          <reporter-output>
          </reporter-output>
        </test-method> <!-- varifyMobile -->
        <test-method is-config="true" signature="relounch(org.testng.ITestResult)[pri:0, instance:test1.VarifyHeaderTab@5cee5251]" started-at="2022-05-30T16:35:45 IST" name="relounch" finished-at="2022-05-30T16:35:49 IST" duration-ms="4270" status="PASS">
          <params>
            <param index="0">
              <value>
                <![CDATA[[TestResult name=varifyMobile status=FAILURE method=VarifyHeaderTab.varifyMobile()[pri:0, instance:test1.VarifyHeaderTab@5cee5251] output={null}]]]>
              </value>
            </param>
          </params>
          <reporter-output>
          </reporter-output>
        </test-method> <!-- relounch -->
        <test-method is-config="true" signature="clearobject()[pri:0, instance:test1.VarifyHeaderTab@5cee5251]" started-at="2022-05-30T16:35:49 IST" name="clearobject" finished-at="2022-05-30T16:35:49 IST" duration-ms="0" status="PASS">
          <reporter-output>
          </reporter-output>
        </test-method> <!-- clearobject -->
        <test-method is-config="true" signature="closedBrowser()[pri:0, instance:test1.VarifyHeaderTab@5cee5251]" started-at="2022-05-30T16:35:50 IST" name="closedBrowser" finished-at="2022-05-30T16:35:50 IST" duration-ms="371" status="PASS">
          <reporter-output>
          </reporter-output>
        </test-method> <!-- closedBrowser -->
      </class> <!-- test1.VarifyHeaderTab -->
    </test> <!-- Test -->
  </suite> <!-- Suite -->
</testng-results>
